<?xml version="1.0" encoding="utf-8"?>
<CoverageSession xmlns:xsd="http://www.w3.org/2001/XMLSchema" xmlns:xsi="http://www.w3.org/2001/XMLSchema-instance" Version="4.7.922.0">
  <Summary numSequencePoints="187" visitedSequencePoints="160" numBranchPoints="42" visitedBranchPoints="34" sequenceCoverage="85.56" branchCoverage="80.95" maxCyclomaticComplexity="6" minCyclomaticComplexity="1" maxCrapScore="6" minCrapScore="1" visitedClasses="7" numClasses="7" visitedMethods="22" numMethods="28" />
  <Modules>
    <Module hash="0A-35-3B-ED-77-47-11-ED-36-55-E6-C1-AA-15-33-39-F8-B1-FE-BD">
      <Summary numSequencePoints="111" visitedSequencePoints="99" numBranchPoints="5" visitedBranchPoints="5" sequenceCoverage="89.19" branchCoverage="100" maxCyclomaticComplexity="1" minCyclomaticComplexity="1" maxCrapScore="2" minCrapScore="1" visitedClasses="3" numClasses="3" visitedMethods="5" numMethods="5" />
      <ModulePath>C:\Users\DENDUKA\source\repos\MindBoxTest\MindBox.UnitTest\bin\Debug\fine-code-coverage\build-output\MindBox.UnitTest.dll</ModulePath>
      <ModuleTime>2022-09-25T12:31:09.0816179Z</ModuleTime>
      <ModuleName>MindBox.UnitTest</ModuleName>
      <Files>
        <File uid="1" fullPath="C:\Users\DENDUKA\source\repos\MindBoxTest\MindBox.UnitTest\CircleTest.cs" />
        <File uid="2" fullPath="C:\Users\DENDUKA\source\repos\MindBoxTest\MindBox.UnitTest\TriangleTest.cs" />
        <File uid="3" fullPath="C:\Users\DENDUKA\source\repos\MindBoxTest\MindBox.UnitTest\FigureTest.cs" />
      </Files>
      <Classes>
        <Class>
          <Summary numSequencePoints="42" visitedSequencePoints="38" numBranchPoints="2" visitedBranchPoints="2" sequenceCoverage="90.48" branchCoverage="100" maxCyclomaticComplexity="1" minCyclomaticComplexity="1" maxCrapScore="2" minCrapScore="1" visitedClasses="1" numClasses="1" visitedMethods="2" numMethods="2" />
          <FullName>MindBox.UnitTest.CircleTest</FullName>
          <Methods>
            <Method visited="true" cyclomaticComplexity="1" nPathComplexity="0" sequenceCoverage="89.47" branchCoverage="100" crapScore="1.00" isConstructor="false" isStatic="false" isGetter="false" isSetter="false">
              <Summary numSequencePoints="38" visitedSequencePoints="34" numBranchPoints="1" visitedBranchPoints="1" sequenceCoverage="89.47" branchCoverage="100" maxCyclomaticComplexity="1" minCyclomaticComplexity="1" maxCrapScore="1.00" minCrapScore="1.00" visitedClasses="0" numClasses="0" visitedMethods="1" numMethods="1" />
              <MetadataToken>100663297</MetadataToken>
              <Name>System.Void MindBox.UnitTest.CircleTest::TestWrongData()</Name>
              <FileRef uid="1" />
              <SequencePoints>
                <SequencePoint vc="1" uspid="1" ordinal="0" offset="0" sl="12" sc="9" el="12" ec="10" bec="0" bev="0" fileid="1" />
                <SequencePoint vc="1" uspid="2" ordinal="1" offset="1" sl="13" sc="13" el="13" ec="41" bec="0" bev="0" fileid="1" />
                <SequencePoint vc="1" uspid="3" ordinal="2" offset="3" sl="16" sc="13" el="16" ec="14" bec="0" bev="0" fileid="1" />
                <SequencePoint vc="1" uspid="4" ordinal="3" offset="4" sl="17" sc="17" el="17" ec="31" bec="0" bev="0" fileid="1" />
                <SequencePoint vc="0" uspid="5" ordinal="4" offset="19" sl="18" sc="13" el="18" ec="14" bec="0" bev="0" fileid="1" />
                <SequencePoint vc="1" uspid="6" ordinal="5" offset="22" sl="19" sc="13" el="19" ec="38" bec="0" bev="0" fileid="1" />
                <SequencePoint vc="1" uspid="7" ordinal="6" offset="23" sl="20" sc="13" el="20" ec="14" bec="0" bev="0" fileid="1" />
                <SequencePoint vc="1" uspid="8" ordinal="7" offset="24" sl="21" sc="17" el="21" ec="40" bec="0" bev="0" fileid="1" />
                <SequencePoint vc="1" uspid="9" ordinal="8" offset="26" sl="22" sc="13" el="22" ec="14" bec="0" bev="0" fileid="1" />
                <SequencePoint vc="1" uspid="10" ordinal="9" offset="29" sl="24" sc="13" el="24" ec="44" bec="0" bev="0" fileid="1" />
                <SequencePoint vc="1" uspid="11" ordinal="10" offset="36" sl="26" sc="13" el="26" ec="37" bec="0" bev="0" fileid="1" />
                <SequencePoint vc="1" uspid="12" ordinal="11" offset="38" sl="29" sc="13" el="29" ec="14" bec="0" bev="0" fileid="1" />
                <SequencePoint vc="1" uspid="13" ordinal="12" offset="39" sl="30" sc="17" el="30" ec="37" bec="0" bev="0" fileid="1" />
                <SequencePoint vc="0" uspid="14" ordinal="13" offset="72" sl="31" sc="13" el="31" ec="14" bec="0" bev="0" fileid="1" />
                <SequencePoint vc="1" uspid="15" ordinal="14" offset="75" sl="32" sc="13" el="32" ec="38" bec="0" bev="0" fileid="1" />
                <SequencePoint vc="1" uspid="16" ordinal="15" offset="76" sl="33" sc="13" el="33" ec="14" bec="0" bev="0" fileid="1" />
                <SequencePoint vc="1" uspid="17" ordinal="16" offset="77" sl="34" sc="17" el="34" ec="40" bec="0" bev="0" fileid="1" />
                <SequencePoint vc="1" uspid="18" ordinal="17" offset="79" sl="35" sc="13" el="35" ec="14" bec="0" bev="0" fileid="1" />
                <SequencePoint vc="1" uspid="19" ordinal="18" offset="82" sl="37" sc="13" el="37" ec="44" bec="0" bev="0" fileid="1" />
                <SequencePoint vc="1" uspid="20" ordinal="19" offset="89" sl="39" sc="13" el="39" ec="37" bec="0" bev="0" fileid="1" />
                <SequencePoint vc="1" uspid="21" ordinal="20" offset="91" sl="42" sc="13" el="42" ec="14" bec="0" bev="0" fileid="1" />
                <SequencePoint vc="1" uspid="22" ordinal="21" offset="92" sl="43" sc="17" el="43" ec="33" bec="0" bev="0" fileid="1" />
                <SequencePoint vc="0" uspid="23" ordinal="22" offset="107" sl="44" sc="13" el="44" ec="14" bec="0" bev="0" fileid="1" />
                <SequencePoint vc="1" uspid="24" ordinal="23" offset="110" sl="45" sc="13" el="45" ec="38" bec="0" bev="0" fileid="1" />
                <SequencePoint vc="1" uspid="25" ordinal="24" offset="111" sl="46" sc="13" el="46" ec="14" bec="0" bev="0" fileid="1" />
                <SequencePoint vc="1" uspid="26" ordinal="25" offset="112" sl="47" sc="17" el="47" ec="40" bec="0" bev="0" fileid="1" />
                <SequencePoint vc="1" uspid="27" ordinal="26" offset="114" sl="48" sc="13" el="48" ec="14" bec="0" bev="0" fileid="1" />
                <SequencePoint vc="1" uspid="28" ordinal="27" offset="117" sl="50" sc="13" el="50" ec="44" bec="0" bev="0" fileid="1" />
                <SequencePoint vc="1" uspid="29" ordinal="28" offset="124" sl="52" sc="13" el="52" ec="37" bec="0" bev="0" fileid="1" />
                <SequencePoint vc="1" uspid="30" ordinal="29" offset="126" sl="55" sc="13" el="55" ec="14" bec="0" bev="0" fileid="1" />
                <SequencePoint vc="1" uspid="31" ordinal="30" offset="127" sl="56" sc="17" el="56" ec="45" bec="0" bev="0" fileid="1" />
                <SequencePoint vc="0" uspid="32" ordinal="31" offset="156" sl="57" sc="13" el="57" ec="14" bec="0" bev="0" fileid="1" />
                <SequencePoint vc="1" uspid="33" ordinal="32" offset="159" sl="58" sc="13" el="58" ec="38" bec="0" bev="0" fileid="1" />
                <SequencePoint vc="1" uspid="34" ordinal="33" offset="160" sl="59" sc="13" el="59" ec="14" bec="0" bev="0" fileid="1" />
                <SequencePoint vc="1" uspid="35" ordinal="34" offset="161" sl="60" sc="17" el="60" ec="40" bec="0" bev="0" fileid="1" />
                <SequencePoint vc="1" uspid="36" ordinal="35" offset="163" sl="61" sc="13" el="61" ec="14" bec="0" bev="0" fileid="1" />
                <SequencePoint vc="1" uspid="37" ordinal="36" offset="166" sl="63" sc="13" el="63" ec="44" bec="0" bev="0" fileid="1" />
                <SequencePoint vc="1" uspid="38" ordinal="37" offset="173" sl="64" sc="9" el="64" ec="10" bec="0" bev="0" fileid="1" />
              </SequencePoints>
              <BranchPoints />
              <MethodPoint xsi:type="SequencePoint" vc="1" uspid="1" ordinal="0" offset="0" sl="12" sc="9" el="12" ec="10" bec="0" bev="0" fileid="1" />
            </Method>
            <Method visited="true" cyclomaticComplexity="1" nPathComplexity="0" sequenceCoverage="100" branchCoverage="100" crapScore="1" isConstructor="false" isStatic="false" isGetter="false" isSetter="false">
              <Summary numSequencePoints="4" visitedSequencePoints="4" numBranchPoints="1" visitedBranchPoints="1" sequenceCoverage="100" branchCoverage="100" maxCyclomaticComplexity="1" minCyclomaticComplexity="1" maxCrapScore="1" minCrapScore="1" visitedClasses="0" numClasses="0" visitedMethods="1" numMethods="1" />
              <MetadataToken>100663298</MetadataToken>
              <Name>System.Void MindBox.UnitTest.CircleTest::TestFunc()</Name>
              <FileRef uid="1" />
              <SequencePoints>
                <SequencePoint vc="1" uspid="39" ordinal="0" offset="0" sl="68" sc="9" el="68" ec="10" bec="0" bev="0" fileid="1" />
                <SequencePoint vc="1" uspid="40" ordinal="1" offset="1" sl="69" sc="13" el="69" ec="41" bec="0" bev="0" fileid="1" />
                <SequencePoint vc="1" uspid="41" ordinal="2" offset="16" sl="71" sc="13" el="71" ec="71" bec="0" bev="0" fileid="1" />
                <SequencePoint vc="1" uspid="42" ordinal="3" offset="43" sl="72" sc="9" el="72" ec="10" bec="0" bev="0" fileid="1" />
              </SequencePoints>
              <BranchPoints />
              <MethodPoint xsi:type="SequencePoint" vc="1" uspid="39" ordinal="0" offset="0" sl="68" sc="9" el="68" ec="10" bec="0" bev="0" fileid="1" />
            </Method>
            <Method visited="false" cyclomaticComplexity="1" nPathComplexity="0" sequenceCoverage="0" branchCoverage="0" crapScore="2" isConstructor="true" isStatic="false" isGetter="false" isSetter="false">
              <Summary numSequencePoints="0" visitedSequencePoints="0" numBranchPoints="0" visitedBranchPoints="0" sequenceCoverage="0" branchCoverage="0" maxCyclomaticComplexity="1" minCyclomaticComplexity="1" maxCrapScore="2" minCrapScore="2" visitedClasses="0" numClasses="0" visitedMethods="0" numMethods="0" />
              <MetadataToken>100663299</MetadataToken>
              <Name>System.Void MindBox.UnitTest.CircleTest::.ctor()</Name>
              <SequencePoints />
              <BranchPoints />
              <MethodPoint vc="0" uspid="43" ordinal="0" offset="0" />
            </Method>
          </Methods>
        </Class>
        <Class>
          <Summary numSequencePoints="63" visitedSequencePoints="55" numBranchPoints="2" visitedBranchPoints="2" sequenceCoverage="87.30" branchCoverage="100" maxCyclomaticComplexity="1" minCyclomaticComplexity="1" maxCrapScore="2" minCrapScore="1" visitedClasses="1" numClasses="1" visitedMethods="2" numMethods="2" />
          <FullName>MindBox.UnitTest.TriangleTest</FullName>
          <Methods>
            <Method visited="true" cyclomaticComplexity="1" nPathComplexity="0" sequenceCoverage="84.31" branchCoverage="100" crapScore="1.00" isConstructor="false" isStatic="false" isGetter="false" isSetter="false">
              <Summary numSequencePoints="51" visitedSequencePoints="43" numBranchPoints="1" visitedBranchPoints="1" sequenceCoverage="84.31" branchCoverage="100" maxCyclomaticComplexity="1" minCyclomaticComplexity="1" maxCrapScore="1.00" minCrapScore="1.00" visitedClasses="0" numClasses="0" visitedMethods="1" numMethods="1" />
              <MetadataToken>100663300</MetadataToken>
              <Name>System.Void MindBox.UnitTest.TriangleTest::TestWrongData()</Name>
              <FileRef uid="2" />
              <SequencePoints>
                <SequencePoint vc="1" uspid="44" ordinal="0" offset="0" sl="12" sc="9" el="12" ec="10" bec="0" bev="0" fileid="2" />
                <SequencePoint vc="1" uspid="45" ordinal="1" offset="1" sl="13" sc="13" el="13" ec="50" bec="0" bev="0" fileid="2" />
                <SequencePoint vc="1" uspid="46" ordinal="2" offset="34" sl="15" sc="13" el="15" ec="41" bec="0" bev="0" fileid="2" />
                <SequencePoint vc="1" uspid="47" ordinal="3" offset="36" sl="18" sc="13" el="18" ec="14" bec="0" bev="0" fileid="2" />
                <SequencePoint vc="1" uspid="48" ordinal="4" offset="37" sl="19" sc="17" el="19" ec="39" bec="0" bev="0" fileid="2" />
                <SequencePoint vc="0" uspid="49" ordinal="5" offset="70" sl="20" sc="13" el="20" ec="14" bec="0" bev="0" fileid="2" />
                <SequencePoint vc="1" uspid="50" ordinal="6" offset="73" sl="21" sc="13" el="21" ec="38" bec="0" bev="0" fileid="2" />
                <SequencePoint vc="1" uspid="51" ordinal="7" offset="74" sl="22" sc="13" el="22" ec="14" bec="0" bev="0" fileid="2" />
                <SequencePoint vc="1" uspid="52" ordinal="8" offset="75" sl="23" sc="17" el="23" ec="40" bec="0" bev="0" fileid="2" />
                <SequencePoint vc="1" uspid="53" ordinal="9" offset="77" sl="24" sc="13" el="24" ec="14" bec="0" bev="0" fileid="2" />
                <SequencePoint vc="1" uspid="54" ordinal="10" offset="80" sl="26" sc="13" el="26" ec="44" bec="0" bev="0" fileid="2" />
                <SequencePoint vc="1" uspid="55" ordinal="11" offset="87" sl="28" sc="13" el="28" ec="37" bec="0" bev="0" fileid="2" />
                <SequencePoint vc="1" uspid="56" ordinal="12" offset="89" sl="31" sc="13" el="31" ec="14" bec="0" bev="0" fileid="2" />
                <SequencePoint vc="1" uspid="57" ordinal="13" offset="90" sl="32" sc="17" el="32" ec="40" bec="0" bev="0" fileid="2" />
                <SequencePoint vc="0" uspid="58" ordinal="14" offset="123" sl="33" sc="13" el="33" ec="14" bec="0" bev="0" fileid="2" />
                <SequencePoint vc="1" uspid="59" ordinal="15" offset="126" sl="34" sc="13" el="34" ec="48" bec="0" bev="0" fileid="2" />
                <SequencePoint vc="1" uspid="60" ordinal="16" offset="127" sl="35" sc="13" el="35" ec="14" bec="0" bev="0" fileid="2" />
                <SequencePoint vc="1" uspid="61" ordinal="17" offset="128" sl="36" sc="17" el="36" ec="40" bec="0" bev="0" fileid="2" />
                <SequencePoint vc="1" uspid="62" ordinal="18" offset="130" sl="37" sc="13" el="37" ec="14" bec="0" bev="0" fileid="2" />
                <SequencePoint vc="1" uspid="63" ordinal="19" offset="133" sl="39" sc="13" el="39" ec="44" bec="0" bev="0" fileid="2" />
                <SequencePoint vc="1" uspid="64" ordinal="20" offset="140" sl="41" sc="13" el="41" ec="37" bec="0" bev="0" fileid="2" />
                <SequencePoint vc="1" uspid="65" ordinal="21" offset="142" sl="44" sc="13" el="44" ec="14" bec="0" bev="0" fileid="2" />
                <SequencePoint vc="1" uspid="66" ordinal="22" offset="143" sl="45" sc="17" el="45" ec="55" bec="0" bev="0" fileid="2" />
                <SequencePoint vc="0" uspid="67" ordinal="23" offset="176" sl="46" sc="17" el="46" ec="37" bec="0" bev="0" fileid="2" />
                <SequencePoint vc="0" uspid="68" ordinal="24" offset="192" sl="47" sc="13" el="47" ec="14" bec="0" bev="0" fileid="2" />
                <SequencePoint vc="1" uspid="69" ordinal="25" offset="195" sl="48" sc="13" el="48" ec="38" bec="0" bev="0" fileid="2" />
                <SequencePoint vc="1" uspid="70" ordinal="26" offset="196" sl="49" sc="13" el="49" ec="14" bec="0" bev="0" fileid="2" />
                <SequencePoint vc="1" uspid="71" ordinal="27" offset="197" sl="50" sc="17" el="50" ec="40" bec="0" bev="0" fileid="2" />
                <SequencePoint vc="1" uspid="72" ordinal="28" offset="199" sl="51" sc="13" el="51" ec="14" bec="0" bev="0" fileid="2" />
                <SequencePoint vc="1" uspid="73" ordinal="29" offset="202" sl="53" sc="13" el="53" ec="44" bec="0" bev="0" fileid="2" />
                <SequencePoint vc="1" uspid="74" ordinal="30" offset="209" sl="55" sc="13" el="55" ec="37" bec="0" bev="0" fileid="2" />
                <SequencePoint vc="1" uspid="75" ordinal="31" offset="211" sl="58" sc="13" el="58" ec="14" bec="0" bev="0" fileid="2" />
                <SequencePoint vc="1" uspid="76" ordinal="32" offset="212" sl="59" sc="17" el="59" ec="55" bec="0" bev="0" fileid="2" />
                <SequencePoint vc="0" uspid="77" ordinal="33" offset="245" sl="60" sc="17" el="60" ec="37" bec="0" bev="0" fileid="2" />
                <SequencePoint vc="0" uspid="78" ordinal="34" offset="261" sl="61" sc="13" el="61" ec="14" bec="0" bev="0" fileid="2" />
                <SequencePoint vc="1" uspid="79" ordinal="35" offset="264" sl="62" sc="13" el="62" ec="38" bec="0" bev="0" fileid="2" />
                <SequencePoint vc="1" uspid="80" ordinal="36" offset="265" sl="63" sc="13" el="63" ec="14" bec="0" bev="0" fileid="2" />
                <SequencePoint vc="1" uspid="81" ordinal="37" offset="266" sl="64" sc="17" el="64" ec="40" bec="0" bev="0" fileid="2" />
                <SequencePoint vc="1" uspid="82" ordinal="38" offset="268" sl="65" sc="13" el="65" ec="14" bec="0" bev="0" fileid="2" />
                <SequencePoint vc="1" uspid="83" ordinal="39" offset="271" sl="67" sc="13" el="67" ec="44" bec="0" bev="0" fileid="2" />
                <SequencePoint vc="1" uspid="84" ordinal="40" offset="278" sl="69" sc="13" el="69" ec="37" bec="0" bev="0" fileid="2" />
                <SequencePoint vc="1" uspid="85" ordinal="41" offset="280" sl="72" sc="13" el="72" ec="14" bec="0" bev="0" fileid="2" />
                <SequencePoint vc="1" uspid="86" ordinal="42" offset="281" sl="73" sc="17" el="73" ec="55" bec="0" bev="0" fileid="2" />
                <SequencePoint vc="0" uspid="87" ordinal="43" offset="315" sl="74" sc="17" el="74" ec="37" bec="0" bev="0" fileid="2" />
                <SequencePoint vc="0" uspid="88" ordinal="44" offset="332" sl="75" sc="13" el="75" ec="14" bec="0" bev="0" fileid="2" />
                <SequencePoint vc="1" uspid="89" ordinal="45" offset="335" sl="76" sc="13" el="76" ec="38" bec="0" bev="0" fileid="2" />
                <SequencePoint vc="1" uspid="90" ordinal="46" offset="336" sl="77" sc="13" el="77" ec="14" bec="0" bev="0" fileid="2" />
                <SequencePoint vc="1" uspid="91" ordinal="47" offset="337" sl="78" sc="17" el="78" ec="40" bec="0" bev="0" fileid="2" />
                <SequencePoint vc="1" uspid="92" ordinal="48" offset="339" sl="79" sc="13" el="79" ec="14" bec="0" bev="0" fileid="2" />
                <SequencePoint vc="1" uspid="93" ordinal="49" offset="342" sl="81" sc="13" el="81" ec="44" bec="0" bev="0" fileid="2" />
                <SequencePoint vc="1" uspid="94" ordinal="50" offset="349" sl="82" sc="9" el="82" ec="10" bec="0" bev="0" fileid="2" />
              </SequencePoints>
              <BranchPoints />
              <MethodPoint xsi:type="SequencePoint" vc="1" uspid="44" ordinal="0" offset="0" sl="12" sc="9" el="12" ec="10" bec="0" bev="0" fileid="2" />
            </Method>
            <Method visited="true" cyclomaticComplexity="1" nPathComplexity="0" sequenceCoverage="100" branchCoverage="100" crapScore="1" isConstructor="false" isStatic="false" isGetter="false" isSetter="false">
              <Summary numSequencePoints="12" visitedSequencePoints="12" numBranchPoints="1" visitedBranchPoints="1" sequenceCoverage="100" branchCoverage="100" maxCyclomaticComplexity="1" minCyclomaticComplexity="1" maxCrapScore="1" minCrapScore="1" visitedClasses="0" numClasses="0" visitedMethods="1" numMethods="1" />
              <MetadataToken>100663301</MetadataToken>
              <Name>System.Void MindBox.UnitTest.TriangleTest::TestFunc()</Name>
              <FileRef uid="2" />
              <SequencePoints>
                <SequencePoint vc="1" uspid="95" ordinal="0" offset="0" sl="86" sc="9" el="86" ec="10" bec="0" bev="0" fileid="2" />
                <SequencePoint vc="1" uspid="96" ordinal="1" offset="1" sl="87" sc="13" el="87" ec="51" bec="0" bev="0" fileid="2" />
                <SequencePoint vc="1" uspid="97" ordinal="2" offset="34" sl="89" sc="13" el="89" ec="43" bec="0" bev="0" fileid="2" />
                <SequencePoint vc="1" uspid="98" ordinal="3" offset="41" sl="91" sc="13" el="91" ec="39" bec="0" bev="0" fileid="2" />
                <SequencePoint vc="1" uspid="99" ordinal="4" offset="57" sl="93" sc="13" el="93" ec="53" bec="0" bev="0" fileid="2" />
                <SequencePoint vc="1" uspid="100" ordinal="5" offset="69" sl="95" sc="13" el="95" ec="33" bec="0" bev="0" fileid="2" />
                <SequencePoint vc="1" uspid="101" ordinal="6" offset="85" sl="97" sc="13" el="97" ec="54" bec="0" bev="0" fileid="2" />
                <SequencePoint vc="1" uspid="102" ordinal="7" offset="97" sl="99" sc="13" el="99" ec="32" bec="0" bev="0" fileid="2" />
                <SequencePoint vc="1" uspid="103" ordinal="8" offset="113" sl="101" sc="13" el="101" ec="54" bec="0" bev="0" fileid="2" />
                <SequencePoint vc="1" uspid="104" ordinal="9" offset="125" sl="103" sc="13" el="103" ec="32" bec="0" bev="0" fileid="2" />
                <SequencePoint vc="1" uspid="105" ordinal="10" offset="141" sl="105" sc="13" el="105" ec="53" bec="0" bev="0" fileid="2" />
                <SequencePoint vc="1" uspid="106" ordinal="11" offset="153" sl="106" sc="9" el="106" ec="10" bec="0" bev="0" fileid="2" />
              </SequencePoints>
              <BranchPoints />
              <MethodPoint xsi:type="SequencePoint" vc="1" uspid="95" ordinal="0" offset="0" sl="86" sc="9" el="86" ec="10" bec="0" bev="0" fileid="2" />
            </Method>
            <Method visited="false" cyclomaticComplexity="1" nPathComplexity="0" sequenceCoverage="0" branchCoverage="0" crapScore="2" isConstructor="true" isStatic="false" isGetter="false" isSetter="false">
              <Summary numSequencePoints="0" visitedSequencePoints="0" numBranchPoints="0" visitedBranchPoints="0" sequenceCoverage="0" branchCoverage="0" maxCyclomaticComplexity="1" minCyclomaticComplexity="1" maxCrapScore="2" minCrapScore="2" visitedClasses="0" numClasses="0" visitedMethods="0" numMethods="0" />
              <MetadataToken>100663302</MetadataToken>
              <Name>System.Void MindBox.UnitTest.TriangleTest::.ctor()</Name>
              <SequencePoints />
              <BranchPoints />
              <MethodPoint vc="0" uspid="107" ordinal="0" offset="0" />
            </Method>
          </Methods>
        </Class>
        <Class>
          <Summary numSequencePoints="6" visitedSequencePoints="6" numBranchPoints="1" visitedBranchPoints="1" sequenceCoverage="100" branchCoverage="100" maxCyclomaticComplexity="1" minCyclomaticComplexity="1" maxCrapScore="2" minCrapScore="1" visitedClasses="1" numClasses="1" visitedMethods="1" numMethods="1" />
          <FullName>MindBox.UnitTest.FigureTest</FullName>
          <Methods>
            <Method visited="true" cyclomaticComplexity="1" nPathComplexity="0" sequenceCoverage="100" branchCoverage="100" crapScore="1" isConstructor="false" isStatic="false" isGetter="false" isSetter="false">
              <Summary numSequencePoints="6" visitedSequencePoints="6" numBranchPoints="1" visitedBranchPoints="1" sequenceCoverage="100" branchCoverage="100" maxCyclomaticComplexity="1" minCyclomaticComplexity="1" maxCrapScore="1" minCrapScore="1" visitedClasses="0" numClasses="0" visitedMethods="1" numMethods="1" />
              <MetadataToken>100663303</MetadataToken>
              <Name>System.Void MindBox.UnitTest.FigureTest::TestFunc()</Name>
              <FileRef uid="3" />
              <SequencePoints>
                <SequencePoint vc="1" uspid="108" ordinal="0" offset="0" sl="12" sc="9" el="12" ec="10" bec="0" bev="0" fileid="3" />
                <SequencePoint vc="1" uspid="109" ordinal="1" offset="1" sl="13" sc="13" el="13" ec="46" bec="0" bev="0" fileid="3" />
                <SequencePoint vc="1" uspid="110" ordinal="2" offset="16" sl="15" sc="13" el="15" ec="72" bec="0" bev="0" fileid="3" />
                <SequencePoint vc="1" uspid="111" ordinal="3" offset="43" sl="17" sc="13" el="17" ec="54" bec="0" bev="0" fileid="3" />
                <SequencePoint vc="1" uspid="112" ordinal="4" offset="76" sl="19" sc="13" el="19" ec="52" bec="0" bev="0" fileid="3" />
                <SequencePoint vc="1" uspid="113" ordinal="5" offset="97" sl="20" sc="9" el="20" ec="10" bec="0" bev="0" fileid="3" />
              </SequencePoints>
              <BranchPoints />
              <MethodPoint xsi:type="SequencePoint" vc="1" uspid="108" ordinal="0" offset="0" sl="12" sc="9" el="12" ec="10" bec="0" bev="0" fileid="3" />
            </Method>
            <Method visited="false" cyclomaticComplexity="1" nPathComplexity="0" sequenceCoverage="0" branchCoverage="0" crapScore="2" isConstructor="true" isStatic="false" isGetter="false" isSetter="false">
              <Summary numSequencePoints="0" visitedSequencePoints="0" numBranchPoints="0" visitedBranchPoints="0" sequenceCoverage="0" branchCoverage="0" maxCyclomaticComplexity="1" minCyclomaticComplexity="1" maxCrapScore="2" minCrapScore="2" visitedClasses="0" numClasses="0" visitedMethods="0" numMethods="0" />
              <MetadataToken>100663304</MetadataToken>
              <Name>System.Void MindBox.UnitTest.FigureTest::.ctor()</Name>
              <SequencePoints />
              <BranchPoints />
              <MethodPoint vc="0" uspid="114" ordinal="0" offset="0" />
            </Method>
          </Methods>
        </Class>
      </Classes>
    </Module>
    <Module hash="D6-EB-9D-78-FF-35-3E-47-E8-DF-A7-F8-45-85-59-6C-8C-80-86-6E">
      <Summary numSequencePoints="76" visitedSequencePoints="61" numBranchPoints="37" visitedBranchPoints="29" sequenceCoverage="80.26" branchCoverage="78.38" maxCyclomaticComplexity="6" minCyclomaticComplexity="1" maxCrapScore="6" minCrapScore="1" visitedClasses="4" numClasses="4" visitedMethods="17" numMethods="23" />
      <ModulePath>C:\Users\DENDUKA\source\repos\MindBoxTest\MindBox.UnitTest\bin\Debug\fine-code-coverage\build-output\MindBox.Library.dll</ModulePath>
      <ModuleTime>2022-09-23T12:37:01.5427374Z</ModuleTime>
      <ModuleName>MindBox.Library</ModuleName>
      <Files>
        <File uid="7" fullPath="C:\Users\DENDUKA\source\repos\MindBoxTest\MindBox.Library\Circle.cs" />
        <File uid="8" fullPath="C:\Users\DENDUKA\source\repos\MindBoxTest\MindBox.Library\Triangle.cs" />
      </Files>
      <Classes>
        <Class>
          <Summary numSequencePoints="25" visitedSequencePoints="19" numBranchPoints="11" visitedBranchPoints="8" sequenceCoverage="76" branchCoverage="72.73" maxCyclomaticComplexity="2" minCyclomaticComplexity="1" maxCrapScore="2" minCrapScore="1" visitedClasses="1" numClasses="1" visitedMethods="6" numMethods="9" />
          <FullName>MindBox.Library.Circle</FullName>
          <Methods>
            <Method visited="false" cyclomaticComplexity="1" nPathComplexity="0" sequenceCoverage="0" branchCoverage="0" crapScore="2" isConstructor="false" isStatic="false" isGetter="true" isSetter="false">
              <Summary numSequencePoints="1" visitedSequencePoints="0" numBranchPoints="1" visitedBranchPoints="0" sequenceCoverage="0" branchCoverage="0" maxCyclomaticComplexity="1" minCyclomaticComplexity="1" maxCrapScore="2" minCrapScore="2" visitedClasses="0" numClasses="0" visitedMethods="0" numMethods="1" />
              <MetadataToken>100663299</MetadataToken>
              <Name>System.Double MindBox.Library.Circle::get_X()</Name>
              <FileRef uid="7" />
              <SequencePoints>
                <SequencePoint vc="0" uspid="115" ordinal="0" offset="0" sl="19" sc="27" el="19" ec="31" bec="0" bev="0" fileid="7" />
              </SequencePoints>
              <BranchPoints />
              <MethodPoint xsi:type="SequencePoint" vc="0" uspid="115" ordinal="0" offset="0" sl="19" sc="27" el="19" ec="31" bec="0" bev="0" fileid="7" />
            </Method>
            <Method visited="true" cyclomaticComplexity="1" nPathComplexity="0" sequenceCoverage="100" branchCoverage="100" crapScore="1" isConstructor="false" isStatic="false" isGetter="false" isSetter="true">
              <Summary numSequencePoints="1" visitedSequencePoints="1" numBranchPoints="1" visitedBranchPoints="1" sequenceCoverage="100" branchCoverage="100" maxCyclomaticComplexity="1" minCyclomaticComplexity="1" maxCrapScore="1" minCrapScore="1" visitedClasses="0" numClasses="0" visitedMethods="1" numMethods="1" />
              <MetadataToken>100663300</MetadataToken>
              <Name>System.Void MindBox.Library.Circle::set_X(System.Double)</Name>
              <FileRef uid="7" />
              <SequencePoints>
                <SequencePoint vc="1" uspid="116" ordinal="0" offset="0" sl="19" sc="32" el="19" ec="36" bec="0" bev="0" fileid="7" />
              </SequencePoints>
              <BranchPoints />
              <MethodPoint xsi:type="SequencePoint" vc="1" uspid="116" ordinal="0" offset="0" sl="19" sc="32" el="19" ec="36" bec="0" bev="0" fileid="7" />
            </Method>
            <Method visited="false" cyclomaticComplexity="1" nPathComplexity="0" sequenceCoverage="0" branchCoverage="0" crapScore="2" isConstructor="false" isStatic="false" isGetter="true" isSetter="false">
              <Summary numSequencePoints="1" visitedSequencePoints="0" numBranchPoints="1" visitedBranchPoints="0" sequenceCoverage="0" branchCoverage="0" maxCyclomaticComplexity="1" minCyclomaticComplexity="1" maxCrapScore="2" minCrapScore="2" visitedClasses="0" numClasses="0" visitedMethods="0" numMethods="1" />
              <MetadataToken>100663301</MetadataToken>
              <Name>System.Double MindBox.Library.Circle::get_Y()</Name>
              <FileRef uid="7" />
              <SequencePoints>
                <SequencePoint vc="0" uspid="117" ordinal="0" offset="0" sl="21" sc="27" el="21" ec="31" bec="0" bev="0" fileid="7" />
              </SequencePoints>
              <BranchPoints />
              <MethodPoint xsi:type="SequencePoint" vc="0" uspid="117" ordinal="0" offset="0" sl="21" sc="27" el="21" ec="31" bec="0" bev="0" fileid="7" />
            </Method>
            <Method visited="true" cyclomaticComplexity="1" nPathComplexity="0" sequenceCoverage="100" branchCoverage="100" crapScore="1" isConstructor="false" isStatic="false" isGetter="false" isSetter="true">
              <Summary numSequencePoints="1" visitedSequencePoints="1" numBranchPoints="1" visitedBranchPoints="1" sequenceCoverage="100" branchCoverage="100" maxCyclomaticComplexity="1" minCyclomaticComplexity="1" maxCrapScore="1" minCrapScore="1" visitedClasses="0" numClasses="0" visitedMethods="1" numMethods="1" />
              <MetadataToken>100663302</MetadataToken>
              <Name>System.Void MindBox.Library.Circle::set_Y(System.Double)</Name>
              <FileRef uid="7" />
              <SequencePoints>
                <SequencePoint vc="1" uspid="118" ordinal="0" offset="0" sl="21" sc="32" el="21" ec="36" bec="0" bev="0" fileid="7" />
              </SequencePoints>
              <BranchPoints />
              <MethodPoint xsi:type="SequencePoint" vc="1" uspid="118" ordinal="0" offset="0" sl="21" sc="32" el="21" ec="36" bec="0" bev="0" fileid="7" />
            </Method>
            <Method visited="false" cyclomaticComplexity="1" nPathComplexity="0" sequenceCoverage="0" branchCoverage="0" crapScore="2" isConstructor="false" isStatic="false" isGetter="true" isSetter="false">
              <Summary numSequencePoints="3" visitedSequencePoints="0" numBranchPoints="1" visitedBranchPoints="0" sequenceCoverage="0" branchCoverage="0" maxCyclomaticComplexity="1" minCyclomaticComplexity="1" maxCrapScore="2" minCrapScore="2" visitedClasses="0" numClasses="0" visitedMethods="0" numMethods="1" />
              <MetadataToken>100663303</MetadataToken>
              <Name>System.Double MindBox.Library.Circle::get_Radius()</Name>
              <FileRef uid="7" />
              <SequencePoints>
                <SequencePoint vc="0" uspid="119" ordinal="0" offset="0" sl="26" sc="13" el="26" ec="14" bec="0" bev="0" fileid="7" />
                <SequencePoint vc="0" uspid="120" ordinal="1" offset="1" sl="27" sc="17" el="27" ec="31" bec="0" bev="0" fileid="7" />
                <SequencePoint vc="0" uspid="121" ordinal="2" offset="10" sl="28" sc="13" el="28" ec="14" bec="0" bev="0" fileid="7" />
              </SequencePoints>
              <BranchPoints />
              <MethodPoint xsi:type="SequencePoint" vc="0" uspid="119" ordinal="0" offset="0" sl="26" sc="13" el="26" ec="14" bec="0" bev="0" fileid="7" />
            </Method>
            <Method visited="true" cyclomaticComplexity="2" nPathComplexity="2" sequenceCoverage="100" branchCoverage="100" crapScore="2" isConstructor="false" isStatic="false" isGetter="false" isSetter="true">
              <Summary numSequencePoints="5" visitedSequencePoints="5" numBranchPoints="3" visitedBranchPoints="3" sequenceCoverage="100" branchCoverage="100" maxCyclomaticComplexity="2" minCyclomaticComplexity="2" maxCrapScore="2" minCrapScore="2" visitedClasses="0" numClasses="0" visitedMethods="1" numMethods="1" />
              <MetadataToken>100663304</MetadataToken>
              <Name>System.Void MindBox.Library.Circle::set_Radius(System.Double)</Name>
              <FileRef uid="7" />
              <SequencePoints>
                <SequencePoint vc="7" uspid="122" ordinal="0" offset="0" sl="30" sc="13" el="30" ec="14" bec="0" bev="0" fileid="7" />
                <SequencePoint vc="7" uspid="123" ordinal="1" offset="1" sl="31" sc="17" el="31" ec="31" bec="2" bev="2" fileid="7" />
                <SequencePoint vc="3" uspid="124" ordinal="2" offset="17" sl="32" sc="21" el="32" ec="36" bec="0" bev="0" fileid="7" />
                <SequencePoint vc="4" uspid="125" ordinal="3" offset="26" sl="34" sc="21" el="34" ec="75" bec="0" bev="0" fileid="7" />
                <SequencePoint vc="3" uspid="126" ordinal="4" offset="37" sl="35" sc="13" el="35" ec="14" bec="0" bev="0" fileid="7" />
              </SequencePoints>
              <BranchPoints>
                <BranchPoint vc="3" uspid="127" ordinal="0" offset="15" sl="31" path="0" offsetend="17" fileid="7" />
                <BranchPoint vc="4" uspid="128" ordinal="1" offset="15" sl="31" path="1" offsetend="26" fileid="7" />
              </BranchPoints>
              <MethodPoint xsi:type="SequencePoint" vc="7" uspid="122" ordinal="0" offset="0" sl="30" sc="13" el="30" ec="14" bec="0" bev="0" fileid="7" />
            </Method>
            <Method visited="true" cyclomaticComplexity="1" nPathComplexity="0" sequenceCoverage="100" branchCoverage="100" crapScore="1" isConstructor="true" isStatic="false" isGetter="false" isSetter="false">
              <Summary numSequencePoints="4" visitedSequencePoints="4" numBranchPoints="1" visitedBranchPoints="1" sequenceCoverage="100" branchCoverage="100" maxCyclomaticComplexity="1" minCyclomaticComplexity="1" maxCrapScore="1" minCrapScore="1" visitedClasses="0" numClasses="0" visitedMethods="1" numMethods="1" />
              <MetadataToken>100663297</MetadataToken>
              <Name>System.Void MindBox.Library.Circle::.ctor(System.Double)</Name>
              <FileRef uid="7" />
              <SequencePoints>
                <SequencePoint vc="5" uspid="129" ordinal="0" offset="0" sl="7" sc="9" el="7" ec="37" bec="0" bev="0" fileid="7" />
                <SequencePoint vc="5" uspid="130" ordinal="1" offset="7" sl="8" sc="9" el="8" ec="10" bec="0" bev="0" fileid="7" />
                <SequencePoint vc="5" uspid="131" ordinal="2" offset="8" sl="9" sc="13" el="9" ec="29" bec="0" bev="0" fileid="7" />
                <SequencePoint vc="3" uspid="132" ordinal="3" offset="16" sl="10" sc="9" el="10" ec="10" bec="0" bev="0" fileid="7" />
              </SequencePoints>
              <BranchPoints />
              <MethodPoint xsi:type="SequencePoint" vc="5" uspid="129" ordinal="0" offset="0" sl="7" sc="9" el="7" ec="37" bec="0" bev="0" fileid="7" />
            </Method>
            <Method visited="true" cyclomaticComplexity="1" nPathComplexity="0" sequenceCoverage="83.33" branchCoverage="100" crapScore="1.00" isConstructor="true" isStatic="false" isGetter="false" isSetter="false">
              <Summary numSequencePoints="6" visitedSequencePoints="5" numBranchPoints="1" visitedBranchPoints="1" sequenceCoverage="83.33" branchCoverage="100" maxCyclomaticComplexity="1" minCyclomaticComplexity="1" maxCrapScore="1.00" minCrapScore="1.00" visitedClasses="0" numClasses="0" visitedMethods="1" numMethods="1" />
              <MetadataToken>100663298</MetadataToken>
              <Name>System.Void MindBox.Library.Circle::.ctor(System.Double,System.Double,System.Double)</Name>
              <FileRef uid="7" />
              <SequencePoints>
                <SequencePoint vc="1" uspid="133" ordinal="0" offset="0" sl="12" sc="9" el="12" ec="57" bec="0" bev="0" fileid="7" />
                <SequencePoint vc="1" uspid="134" ordinal="1" offset="7" sl="13" sc="9" el="13" ec="10" bec="0" bev="0" fileid="7" />
                <SequencePoint vc="1" uspid="135" ordinal="2" offset="8" sl="14" sc="13" el="14" ec="19" bec="0" bev="0" fileid="7" />
                <SequencePoint vc="1" uspid="136" ordinal="3" offset="16" sl="15" sc="13" el="15" ec="19" bec="0" bev="0" fileid="7" />
                <SequencePoint vc="1" uspid="137" ordinal="4" offset="24" sl="16" sc="13" el="16" ec="29" bec="0" bev="0" fileid="7" />
                <SequencePoint vc="0" uspid="138" ordinal="5" offset="32" sl="17" sc="9" el="17" ec="10" bec="0" bev="0" fileid="7" />
              </SequencePoints>
              <BranchPoints />
              <MethodPoint xsi:type="SequencePoint" vc="1" uspid="133" ordinal="0" offset="0" sl="12" sc="9" el="12" ec="57" bec="0" bev="0" fileid="7" />
            </Method>
            <Method visited="true" cyclomaticComplexity="1" nPathComplexity="0" sequenceCoverage="100" branchCoverage="100" crapScore="1" isConstructor="false" isStatic="false" isGetter="false" isSetter="false">
              <Summary numSequencePoints="3" visitedSequencePoints="3" numBranchPoints="1" visitedBranchPoints="1" sequenceCoverage="100" branchCoverage="100" maxCyclomaticComplexity="1" minCyclomaticComplexity="1" maxCrapScore="1" minCrapScore="1" visitedClasses="0" numClasses="0" visitedMethods="1" numMethods="1" />
              <MetadataToken>100663305</MetadataToken>
              <Name>System.Double MindBox.Library.Circle::GetArea()</Name>
              <FileRef uid="7" />
              <SequencePoints>
                <SequencePoint vc="2" uspid="139" ordinal="0" offset="0" sl="39" sc="9" el="39" ec="10" bec="0" bev="0" fileid="7" />
                <SequencePoint vc="2" uspid="140" ordinal="1" offset="1" sl="40" sc="13" el="40" ec="50" bec="0" bev="0" fileid="7" />
                <SequencePoint vc="2" uspid="141" ordinal="2" offset="34" sl="41" sc="9" el="41" ec="10" bec="0" bev="0" fileid="7" />
              </SequencePoints>
              <BranchPoints />
              <MethodPoint xsi:type="SequencePoint" vc="2" uspid="139" ordinal="0" offset="0" sl="39" sc="9" el="39" ec="10" bec="0" bev="0" fileid="7" />
            </Method>
          </Methods>
        </Class>
        <Class>
          <Summary numSequencePoints="48" visitedSequencePoints="39" numBranchPoints="23" visitedBranchPoints="18" sequenceCoverage="81.25" branchCoverage="78.26" maxCyclomaticComplexity="6" minCyclomaticComplexity="1" maxCrapScore="6" minCrapScore="1" visitedClasses="1" numClasses="1" visitedMethods="8" numMethods="11" />
          <FullName>MindBox.Library.Triangle</FullName>
          <Methods>
            <Method visited="false" cyclomaticComplexity="1" nPathComplexity="0" sequenceCoverage="0" branchCoverage="0" crapScore="2" isConstructor="false" isStatic="false" isGetter="true" isSetter="false">
              <Summary numSequencePoints="3" visitedSequencePoints="0" numBranchPoints="1" visitedBranchPoints="0" sequenceCoverage="0" branchCoverage="0" maxCyclomaticComplexity="1" minCyclomaticComplexity="1" maxCrapScore="2" minCrapScore="2" visitedClasses="0" numClasses="0" visitedMethods="0" numMethods="1" />
              <MetadataToken>100663308</MetadataToken>
              <Name>System.Double MindBox.Library.Triangle::get_SideA()</Name>
              <FileRef uid="8" />
              <SequencePoints>
                <SequencePoint vc="0" uspid="142" ordinal="0" offset="0" sl="16" sc="13" el="16" ec="14" bec="0" bev="0" fileid="8" />
                <SequencePoint vc="0" uspid="143" ordinal="1" offset="1" sl="17" sc="17" el="17" ec="33" bec="0" bev="0" fileid="8" />
                <SequencePoint vc="0" uspid="144" ordinal="2" offset="12" sl="18" sc="13" el="18" ec="14" bec="0" bev="0" fileid="8" />
              </SequencePoints>
              <BranchPoints />
              <MethodPoint xsi:type="SequencePoint" vc="0" uspid="142" ordinal="0" offset="0" sl="16" sc="13" el="16" ec="14" bec="0" bev="0" fileid="8" />
            </Method>
            <Method visited="true" cyclomaticComplexity="1" nPathComplexity="0" sequenceCoverage="100" branchCoverage="100" crapScore="1" isConstructor="false" isStatic="false" isGetter="false" isSetter="true">
              <Summary numSequencePoints="4" visitedSequencePoints="4" numBranchPoints="1" visitedBranchPoints="1" sequenceCoverage="100" branchCoverage="100" maxCyclomaticComplexity="1" minCyclomaticComplexity="1" maxCrapScore="1" minCrapScore="1" visitedClasses="0" numClasses="0" visitedMethods="1" numMethods="1" />
              <MetadataToken>100663309</MetadataToken>
              <Name>System.Void MindBox.Library.Triangle::set_SideA(System.Double)</Name>
              <FileRef uid="8" />
              <SequencePoints>
                <SequencePoint vc="1" uspid="145" ordinal="0" offset="0" sl="20" sc="13" el="20" ec="14" bec="0" bev="0" fileid="8" />
                <SequencePoint vc="1" uspid="146" ordinal="1" offset="1" sl="21" sc="17" el="21" ec="34" bec="0" bev="0" fileid="8" />
                <SequencePoint vc="1" uspid="147" ordinal="2" offset="10" sl="22" sc="17" el="22" ec="27" bec="0" bev="0" fileid="8" />
                <SequencePoint vc="1" uspid="148" ordinal="3" offset="17" sl="23" sc="13" el="23" ec="14" bec="0" bev="0" fileid="8" />
              </SequencePoints>
              <BranchPoints />
              <MethodPoint xsi:type="SequencePoint" vc="1" uspid="145" ordinal="0" offset="0" sl="20" sc="13" el="20" ec="14" bec="0" bev="0" fileid="8" />
            </Method>
            <Method visited="false" cyclomaticComplexity="1" nPathComplexity="0" sequenceCoverage="0" branchCoverage="0" crapScore="2" isConstructor="false" isStatic="false" isGetter="true" isSetter="false">
              <Summary numSequencePoints="3" visitedSequencePoints="0" numBranchPoints="1" visitedBranchPoints="0" sequenceCoverage="0" branchCoverage="0" maxCyclomaticComplexity="1" minCyclomaticComplexity="1" maxCrapScore="2" minCrapScore="2" visitedClasses="0" numClasses="0" visitedMethods="0" numMethods="1" />
              <MetadataToken>100663310</MetadataToken>
              <Name>System.Double MindBox.Library.Triangle::get_SideB()</Name>
              <FileRef uid="8" />
              <SequencePoints>
                <SequencePoint vc="0" uspid="149" ordinal="0" offset="0" sl="29" sc="13" el="29" ec="14" bec="0" bev="0" fileid="8" />
                <SequencePoint vc="0" uspid="150" ordinal="1" offset="1" sl="30" sc="17" el="30" ec="33" bec="0" bev="0" fileid="8" />
                <SequencePoint vc="0" uspid="151" ordinal="2" offset="12" sl="31" sc="13" el="31" ec="14" bec="0" bev="0" fileid="8" />
              </SequencePoints>
              <BranchPoints />
              <MethodPoint xsi:type="SequencePoint" vc="0" uspid="149" ordinal="0" offset="0" sl="29" sc="13" el="29" ec="14" bec="0" bev="0" fileid="8" />
            </Method>
            <Method visited="true" cyclomaticComplexity="1" nPathComplexity="0" sequenceCoverage="100" branchCoverage="100" crapScore="1" isConstructor="false" isStatic="false" isGetter="false" isSetter="true">
              <Summary numSequencePoints="4" visitedSequencePoints="4" numBranchPoints="1" visitedBranchPoints="1" sequenceCoverage="100" branchCoverage="100" maxCyclomaticComplexity="1" minCyclomaticComplexity="1" maxCrapScore="1" minCrapScore="1" visitedClasses="0" numClasses="0" visitedMethods="1" numMethods="1" />
              <MetadataToken>100663311</MetadataToken>
              <Name>System.Void MindBox.Library.Triangle::set_SideB(System.Double)</Name>
              <FileRef uid="8" />
              <SequencePoints>
                <SequencePoint vc="1" uspid="152" ordinal="0" offset="0" sl="33" sc="13" el="33" ec="14" bec="0" bev="0" fileid="8" />
                <SequencePoint vc="1" uspid="153" ordinal="1" offset="1" sl="34" sc="17" el="34" ec="34" bec="0" bev="0" fileid="8" />
                <SequencePoint vc="1" uspid="154" ordinal="2" offset="10" sl="35" sc="17" el="35" ec="27" bec="0" bev="0" fileid="8" />
                <SequencePoint vc="1" uspid="155" ordinal="3" offset="17" sl="36" sc="13" el="36" ec="14" bec="0" bev="0" fileid="8" />
              </SequencePoints>
              <BranchPoints />
              <MethodPoint xsi:type="SequencePoint" vc="1" uspid="152" ordinal="0" offset="0" sl="33" sc="13" el="33" ec="14" bec="0" bev="0" fileid="8" />
            </Method>
            <Method visited="false" cyclomaticComplexity="1" nPathComplexity="0" sequenceCoverage="0" branchCoverage="0" crapScore="2" isConstructor="false" isStatic="false" isGetter="true" isSetter="false">
              <Summary numSequencePoints="3" visitedSequencePoints="0" numBranchPoints="1" visitedBranchPoints="0" sequenceCoverage="0" branchCoverage="0" maxCyclomaticComplexity="1" minCyclomaticComplexity="1" maxCrapScore="2" minCrapScore="2" visitedClasses="0" numClasses="0" visitedMethods="0" numMethods="1" />
              <MetadataToken>100663312</MetadataToken>
              <Name>System.Double MindBox.Library.Triangle::get_SideC()</Name>
              <FileRef uid="8" />
              <SequencePoints>
                <SequencePoint vc="0" uspid="156" ordinal="0" offset="0" sl="42" sc="13" el="42" ec="14" bec="0" bev="0" fileid="8" />
                <SequencePoint vc="0" uspid="157" ordinal="1" offset="1" sl="43" sc="17" el="43" ec="33" bec="0" bev="0" fileid="8" />
                <SequencePoint vc="0" uspid="158" ordinal="2" offset="12" sl="44" sc="13" el="44" ec="14" bec="0" bev="0" fileid="8" />
              </SequencePoints>
              <BranchPoints />
              <MethodPoint xsi:type="SequencePoint" vc="0" uspid="156" ordinal="0" offset="0" sl="42" sc="13" el="42" ec="14" bec="0" bev="0" fileid="8" />
            </Method>
            <Method visited="true" cyclomaticComplexity="1" nPathComplexity="0" sequenceCoverage="100" branchCoverage="100" crapScore="1" isConstructor="false" isStatic="false" isGetter="false" isSetter="true">
              <Summary numSequencePoints="4" visitedSequencePoints="4" numBranchPoints="1" visitedBranchPoints="1" sequenceCoverage="100" branchCoverage="100" maxCyclomaticComplexity="1" minCyclomaticComplexity="1" maxCrapScore="1" minCrapScore="1" visitedClasses="0" numClasses="0" visitedMethods="1" numMethods="1" />
              <MetadataToken>100663313</MetadataToken>
              <Name>System.Void MindBox.Library.Triangle::set_SideC(System.Double)</Name>
              <FileRef uid="8" />
              <SequencePoints>
                <SequencePoint vc="1" uspid="159" ordinal="0" offset="0" sl="46" sc="13" el="46" ec="14" bec="0" bev="0" fileid="8" />
                <SequencePoint vc="1" uspid="160" ordinal="1" offset="1" sl="47" sc="17" el="47" ec="34" bec="0" bev="0" fileid="8" />
                <SequencePoint vc="1" uspid="161" ordinal="2" offset="10" sl="48" sc="17" el="48" ec="27" bec="0" bev="0" fileid="8" />
                <SequencePoint vc="1" uspid="162" ordinal="3" offset="17" sl="49" sc="13" el="49" ec="14" bec="0" bev="0" fileid="8" />
              </SequencePoints>
              <BranchPoints />
              <MethodPoint xsi:type="SequencePoint" vc="1" uspid="159" ordinal="0" offset="0" sl="46" sc="13" el="46" ec="14" bec="0" bev="0" fileid="8" />
            </Method>
            <Method visited="true" cyclomaticComplexity="1" nPathComplexity="0" sequenceCoverage="100" branchCoverage="100" crapScore="1" isConstructor="true" isStatic="false" isGetter="false" isSetter="false">
              <Summary numSequencePoints="5" visitedSequencePoints="5" numBranchPoints="1" visitedBranchPoints="1" sequenceCoverage="100" branchCoverage="100" maxCyclomaticComplexity="1" minCyclomaticComplexity="1" maxCrapScore="1" minCrapScore="1" visitedClasses="0" numClasses="0" visitedMethods="1" numMethods="1" />
              <MetadataToken>100663307</MetadataToken>
              <Name>System.Void MindBox.Library.Triangle::.ctor(System.Double,System.Double,System.Double)</Name>
              <FileRef uid="8" />
              <SequencePoints>
                <SequencePoint vc="8" uspid="163" ordinal="0" offset="0" sl="92" sc="9" el="92" ec="48" bec="0" bev="0" fileid="8" />
                <SequencePoint vc="8" uspid="164" ordinal="1" offset="12" sl="8" sc="9" el="8" ec="54" bec="0" bev="0" fileid="8" />
                <SequencePoint vc="8" uspid="165" ordinal="2" offset="19" sl="9" sc="9" el="9" ec="10" bec="0" bev="0" fileid="8" />
                <SequencePoint vc="8" uspid="166" ordinal="3" offset="20" sl="10" sc="13" el="10" ec="31" bec="0" bev="0" fileid="8" />
                <SequencePoint vc="3" uspid="167" ordinal="4" offset="30" sl="11" sc="9" el="11" ec="10" bec="0" bev="0" fileid="8" />
              </SequencePoints>
              <BranchPoints />
              <MethodPoint xsi:type="SequencePoint" vc="8" uspid="163" ordinal="0" offset="0" sl="92" sc="9" el="92" ec="48" bec="0" bev="0" fileid="8" />
            </Method>
            <Method visited="true" cyclomaticComplexity="1" nPathComplexity="0" sequenceCoverage="100" branchCoverage="100" crapScore="1" isConstructor="false" isStatic="false" isGetter="false" isSetter="false">
              <Summary numSequencePoints="6" visitedSequencePoints="6" numBranchPoints="1" visitedBranchPoints="1" sequenceCoverage="100" branchCoverage="100" maxCyclomaticComplexity="1" minCyclomaticComplexity="1" maxCrapScore="1" minCrapScore="1" visitedClasses="0" numClasses="0" visitedMethods="1" numMethods="1" />
              <MetadataToken>100663314</MetadataToken>
              <Name>System.Void MindBox.Library.Triangle::SetSides(System.Double,System.Double,System.Double)</Name>
              <FileRef uid="8" />
              <SequencePoints>
                <SequencePoint vc="8" uspid="168" ordinal="0" offset="0" sl="53" sc="9" el="53" ec="10" bec="0" bev="0" fileid="8" />
                <SequencePoint vc="8" uspid="169" ordinal="1" offset="1" sl="54" sc="13" el="54" ec="26" bec="0" bev="0" fileid="8" />
                <SequencePoint vc="8" uspid="170" ordinal="2" offset="10" sl="55" sc="13" el="55" ec="26" bec="0" bev="0" fileid="8" />
                <SequencePoint vc="8" uspid="171" ordinal="3" offset="19" sl="56" sc="13" el="56" ec="26" bec="0" bev="0" fileid="8" />
                <SequencePoint vc="8" uspid="172" ordinal="4" offset="28" sl="58" sc="13" el="58" ec="23" bec="0" bev="0" fileid="8" />
                <SequencePoint vc="3" uspid="173" ordinal="5" offset="35" sl="59" sc="9" el="59" ec="10" bec="0" bev="0" fileid="8" />
              </SequencePoints>
              <BranchPoints />
              <MethodPoint xsi:type="SequencePoint" vc="8" uspid="168" ordinal="0" offset="0" sl="53" sc="9" el="53" ec="10" bec="0" bev="0" fileid="8" />
            </Method>
            <Method visited="true" cyclomaticComplexity="1" nPathComplexity="0" sequenceCoverage="100" branchCoverage="100" crapScore="1" isConstructor="false" isStatic="false" isGetter="false" isSetter="false">
              <Summary numSequencePoints="4" visitedSequencePoints="4" numBranchPoints="1" visitedBranchPoints="1" sequenceCoverage="100" branchCoverage="100" maxCyclomaticComplexity="1" minCyclomaticComplexity="1" maxCrapScore="1" minCrapScore="1" visitedClasses="0" numClasses="0" visitedMethods="1" numMethods="1" />
              <MetadataToken>100663315</MetadataToken>
              <Name>System.Double MindBox.Library.Triangle::GetArea()</Name>
              <FileRef uid="8" />
              <SequencePoints>
                <SequencePoint vc="2" uspid="174" ordinal="0" offset="0" sl="62" sc="9" el="62" ec="10" bec="0" bev="0" fileid="8" />
                <SequencePoint vc="2" uspid="175" ordinal="1" offset="1" sl="64" sc="13" el="64" ec="41" bec="0" bev="0" fileid="8" />
                <SequencePoint vc="2" uspid="176" ordinal="2" offset="23" sl="66" sc="13" el="66" ec="100" bec="0" bev="0" fileid="8" />
                <SequencePoint vc="2" uspid="177" ordinal="3" offset="65" sl="67" sc="9" el="67" ec="10" bec="0" bev="0" fileid="8" />
              </SequencePoints>
              <BranchPoints />
              <MethodPoint xsi:type="SequencePoint" vc="2" uspid="174" ordinal="0" offset="0" sl="62" sc="9" el="62" ec="10" bec="0" bev="0" fileid="8" />
            </Method>
            <Method visited="true" cyclomaticComplexity="2" nPathComplexity="2" sequenceCoverage="100" branchCoverage="100" crapScore="2" isConstructor="false" isStatic="false" isGetter="false" isSetter="false">
              <Summary numSequencePoints="4" visitedSequencePoints="4" numBranchPoints="3" visitedBranchPoints="3" sequenceCoverage="100" branchCoverage="100" maxCyclomaticComplexity="2" minCyclomaticComplexity="2" maxCrapScore="2" minCrapScore="2" visitedClasses="0" numClasses="0" visitedMethods="1" numMethods="1" />
              <MetadataToken>100663316</MetadataToken>
              <Name>System.Boolean MindBox.Library.Triangle::IsRectangular()</Name>
              <FileRef uid="8" />
              <SequencePoints>
                <SequencePoint vc="4" uspid="178" ordinal="0" offset="6" sl="70" sc="9" el="70" ec="10" bec="0" bev="0" fileid="8" />
                <SequencePoint vc="4" uspid="179" ordinal="1" offset="7" sl="71" sc="13" el="71" ec="35" bec="0" bev="0" fileid="8" />
                <SequencePoint vc="4" uspid="180" ordinal="2" offset="24" sl="73" sc="13" el="73" ec="83" bec="2" bev="2" fileid="8" />
                <SequencePoint vc="4" uspid="181" ordinal="3" offset="108" sl="74" sc="9" el="74" ec="10" bec="0" bev="0" fileid="8" />
              </SequencePoints>
              <BranchPoints>
                <BranchPoint vc="1" uspid="182" ordinal="0" offset="73" sl="73" path="0" offsetend="75" fileid="8" />
                <BranchPoint vc="3" uspid="183" ordinal="1" offset="73" sl="73" path="1" offsetend="98" fileid="8" />
              </BranchPoints>
              <MethodPoint vc="4" uspid="184" ordinal="0" offset="0" />
            </Method>
            <Method visited="true" cyclomaticComplexity="6" nPathComplexity="32" sequenceCoverage="100" branchCoverage="81.82" crapScore="6" isConstructor="false" isStatic="false" isGetter="false" isSetter="false">
              <Summary numSequencePoints="8" visitedSequencePoints="8" numBranchPoints="11" visitedBranchPoints="9" sequenceCoverage="100" branchCoverage="81.82" maxCyclomaticComplexity="6" minCyclomaticComplexity="6" maxCrapScore="6" minCrapScore="6" visitedClasses="0" numClasses="0" visitedMethods="1" numMethods="1" />
              <MetadataToken>100663317</MetadataToken>
              <Name>System.Void MindBox.Library.Triangle::IsValid()</Name>
              <FileRef uid="8" />
              <SequencePoints>
                <SequencePoint vc="11" uspid="185" ordinal="0" offset="0" sl="77" sc="9" el="77" ec="10" bec="0" bev="0" fileid="8" />
                <SequencePoint vc="11" uspid="186" ordinal="1" offset="1" sl="78" sc="13" el="78" ec="40" bec="4" bev="4" fileid="8" />
                <SequencePoint vc="1" uspid="187" ordinal="2" offset="47" sl="79" sc="13" el="79" ec="14" bec="0" bev="0" fileid="8" />
                <SequencePoint vc="1" uspid="188" ordinal="3" offset="48" sl="80" sc="17" el="80" ec="81" bec="0" bev="0" fileid="8" />
                <SequencePoint vc="10" uspid="189" ordinal="4" offset="59" sl="83" sc="13" el="86" ec="49" bec="5" bev="4" fileid="8" />
                <SequencePoint vc="4" uspid="190" ordinal="5" offset="150" sl="87" sc="13" el="87" ec="14" bec="0" bev="0" fileid="8" />
                <SequencePoint vc="4" uspid="191" ordinal="6" offset="151" sl="88" sc="17" el="88" ec="105" bec="0" bev="0" fileid="8" />
                <SequencePoint vc="6" uspid="192" ordinal="7" offset="162" sl="90" sc="9" el="90" ec="10" bec="0" bev="0" fileid="8" />
              </SequencePoints>
              <BranchPoints>
                <BranchPoint vc="1" uspid="193" ordinal="0" offset="13" sl="78" path="0" offsetend="15" fileid="8" />
                <BranchPoint vc="10" uspid="194" ordinal="1" offset="13" sl="78" path="1" offsetend="38" fileid="8" />
                <BranchPoint vc="1" uspid="195" ordinal="2" offset="45" sl="78" path="0" offsetend="47" fileid="8" />
                <BranchPoint vc="10" uspid="196" ordinal="3" offset="45" sl="78" path="1" offsetend="59" fileid="8" />
                <BranchPoint vc="10" uspid="197" ordinal="4" offset="84" sl="83" path="0" offsetend="86" fileid="8" />
                <BranchPoint vc="0" uspid="198" ordinal="5" offset="84" sl="83" path="1" offsetend="145" fileid="8" />
                <BranchPoint vc="10" uspid="199" ordinal="6" offset="111" sl="83" path="0" offsetend="113" fileid="8" />
                <BranchPoint vc="0" uspid="200" ordinal="7" offset="111" sl="83" path="1" offsetend="145" fileid="8" />
                <BranchPoint vc="4" uspid="201" ordinal="8" offset="148" sl="83" path="0" offsetend="150" fileid="8" />
                <BranchPoint vc="6" uspid="202" ordinal="9" offset="148" sl="83" path="1" offsetend="162" fileid="8" />
              </BranchPoints>
              <MethodPoint xsi:type="SequencePoint" vc="11" uspid="185" ordinal="0" offset="0" sl="77" sc="9" el="77" ec="10" bec="0" bev="0" fileid="8" />
            </Method>
          </Methods>
        </Class>
        <Class>
          <Summary numSequencePoints="1" visitedSequencePoints="1" numBranchPoints="1" visitedBranchPoints="1" sequenceCoverage="100" branchCoverage="100" maxCyclomaticComplexity="1" minCyclomaticComplexity="1" maxCrapScore="2" minCrapScore="1" visitedClasses="1" numClasses="1" visitedMethods="1" numMethods="1" />
          <FullName>MindBox.Library.Triangle/&lt;&gt;c__DisplayClass12_0</FullName>
          <Methods>
            <Method visited="false" cyclomaticComplexity="1" nPathComplexity="0" sequenceCoverage="0" branchCoverage="0" crapScore="2" isConstructor="true" isStatic="false" isGetter="false" isSetter="false">
              <Summary numSequencePoints="0" visitedSequencePoints="0" numBranchPoints="0" visitedBranchPoints="0" sequenceCoverage="0" branchCoverage="0" maxCyclomaticComplexity="1" minCyclomaticComplexity="1" maxCrapScore="2" minCrapScore="2" visitedClasses="0" numClasses="0" visitedMethods="0" numMethods="0" />
              <MetadataToken>100663318</MetadataToken>
              <Name>System.Void MindBox.Library.Triangle/&lt;&gt;c__DisplayClass12_0::.ctor()</Name>
              <SequencePoints />
              <BranchPoints />
              <MethodPoint vc="0" uspid="203" ordinal="0" offset="0" />
            </Method>
            <Method visited="true" cyclomaticComplexity="1" nPathComplexity="0" sequenceCoverage="100" branchCoverage="100" crapScore="1" isConstructor="false" isStatic="false" isGetter="false" isSetter="false">
              <Summary numSequencePoints="1" visitedSequencePoints="1" numBranchPoints="1" visitedBranchPoints="1" sequenceCoverage="100" branchCoverage="100" maxCyclomaticComplexity="1" minCyclomaticComplexity="1" maxCrapScore="1" minCrapScore="1" visitedClasses="0" numClasses="0" visitedMethods="1" numMethods="1" />
              <MetadataToken>100663319</MetadataToken>
              <Name>System.Boolean MindBox.Library.Triangle/&lt;&gt;c__DisplayClass12_0::&lt;IsRectangular&gt;b__0(System.Double)</Name>
              <FileRef uid="8" />
              <SequencePoints>
                <SequencePoint vc="12" uspid="204" ordinal="0" offset="0" sl="73" sc="57" el="73" ec="65" bec="0" bev="0" fileid="8" />
              </SequencePoints>
              <BranchPoints />
              <MethodPoint xsi:type="SequencePoint" vc="12" uspid="204" ordinal="0" offset="0" sl="73" sc="57" el="73" ec="65" bec="0" bev="0" fileid="8" />
            </Method>
          </Methods>
        </Class>
        <Class>
          <Summary numSequencePoints="2" visitedSequencePoints="2" numBranchPoints="2" visitedBranchPoints="2" sequenceCoverage="100" branchCoverage="100" maxCyclomaticComplexity="1" minCyclomaticComplexity="1" maxCrapScore="2" minCrapScore="1" visitedClasses="1" numClasses="1" visitedMethods="2" numMethods="2" />
          <FullName>MindBox.Library.Triangle/&lt;&gt;c</FullName>
          <Methods>
            <Method visited="false" cyclomaticComplexity="1" nPathComplexity="0" sequenceCoverage="0" branchCoverage="0" crapScore="2" isConstructor="true" isStatic="true" isGetter="false" isSetter="false">
              <Summary numSequencePoints="0" visitedSequencePoints="0" numBranchPoints="0" visitedBranchPoints="0" sequenceCoverage="0" branchCoverage="0" maxCyclomaticComplexity="1" minCyclomaticComplexity="1" maxCrapScore="2" minCrapScore="2" visitedClasses="0" numClasses="0" visitedMethods="0" numMethods="0" />
              <MetadataToken>100663320</MetadataToken>
              <Name>System.Void MindBox.Library.Triangle/&lt;&gt;c::.cctor()</Name>
              <SequencePoints />
              <BranchPoints />
              <MethodPoint vc="0" uspid="205" ordinal="0" offset="0" />
            </Method>
            <Method visited="false" cyclomaticComplexity="1" nPathComplexity="0" sequenceCoverage="0" branchCoverage="0" crapScore="2" isConstructor="true" isStatic="false" isGetter="false" isSetter="false">
              <Summary numSequencePoints="0" visitedSequencePoints="0" numBranchPoints="0" visitedBranchPoints="0" sequenceCoverage="0" branchCoverage="0" maxCyclomaticComplexity="1" minCyclomaticComplexity="1" maxCrapScore="2" minCrapScore="2" visitedClasses="0" numClasses="0" visitedMethods="0" numMethods="0" />
              <MetadataToken>100663321</MetadataToken>
              <Name>System.Void MindBox.Library.Triangle/&lt;&gt;c::.ctor()</Name>
              <SequencePoints />
              <BranchPoints />
              <MethodPoint vc="0" uspid="206" ordinal="0" offset="0" />
            </Method>
            <Method visited="true" cyclomaticComplexity="1" nPathComplexity="0" sequenceCoverage="100" branchCoverage="100" crapScore="1" isConstructor="false" isStatic="false" isGetter="false" isSetter="false">
              <Summary numSequencePoints="1" visitedSequencePoints="1" numBranchPoints="1" visitedBranchPoints="1" sequenceCoverage="100" branchCoverage="100" maxCyclomaticComplexity="1" minCyclomaticComplexity="1" maxCrapScore="1" minCrapScore="1" visitedClasses="0" numClasses="0" visitedMethods="1" numMethods="1" />
              <MetadataToken>100663322</MetadataToken>
              <Name>System.Double MindBox.Library.Triangle/&lt;&gt;c::&lt;IsRectangular&gt;b__12_1(System.Double)</Name>
              <FileRef uid="8" />
              <SequencePoints>
                <SequencePoint vc="6" uspid="207" ordinal="0" offset="0" sl="73" sc="76" el="73" ec="81" bec="0" bev="0" fileid="8" />
              </SequencePoints>
              <BranchPoints />
              <MethodPoint xsi:type="SequencePoint" vc="6" uspid="207" ordinal="0" offset="0" sl="73" sc="76" el="73" ec="81" bec="0" bev="0" fileid="8" />
            </Method>
            <Method visited="true" cyclomaticComplexity="1" nPathComplexity="0" sequenceCoverage="100" branchCoverage="100" crapScore="1" isConstructor="false" isStatic="false" isGetter="false" isSetter="false">
              <Summary numSequencePoints="1" visitedSequencePoints="1" numBranchPoints="1" visitedBranchPoints="1" sequenceCoverage="100" branchCoverage="100" maxCyclomaticComplexity="1" minCyclomaticComplexity="1" maxCrapScore="1" minCrapScore="1" visitedClasses="0" numClasses="0" visitedMethods="1" numMethods="1" />
              <MetadataToken>100663323</MetadataToken>
              <Name>System.Boolean MindBox.Library.Triangle/&lt;&gt;c::&lt;IsValid&gt;b__13_0(System.Double)</Name>
              <FileRef uid="8" />
              <SequencePoints>
                <SequencePoint vc="33" uspid="208" ordinal="0" offset="0" sl="78" sc="32" el="78" ec="38" bec="0" bev="0" fileid="8" />
              </SequencePoints>
              <BranchPoints />
              <MethodPoint xsi:type="SequencePoint" vc="33" uspid="208" ordinal="0" offset="0" sl="78" sc="32" el="78" ec="38" bec="0" bev="0" fileid="8" />
            </Method>
          </Methods>
        </Class>
      </Classes>
    </Module>
  </Modules>
</CoverageSession>